#-----------------------------------------------------------
# Vivado v2018.1 (64-bit)
# SW Build 2188600 on Wed Apr  4 18:40:38 MDT 2018
# IP Build 2185939 on Wed Apr  4 20:55:05 MDT 2018
# Start of session at: Sun May  5 01:02:54 2024
# Process ID: 12804
# Current directory: C:/Vivado/Lab9-10
# Command line: vivado.exe -gui_launcher_event rodinguilauncherevent19704 C:\Vivado\Lab9-10\Lab9-10.xpr
# Log file: C:/Vivado/Lab9-10/vivado.log
# Journal file: C:/Vivado/Lab9-10\vivado.jou
#-----------------------------------------------------------
start_gui
open_project C:/Vivado/Lab9-10/Lab9-10.xpr
Scanning sources...
Finished scanning sources
INFO: [IP_Flow 19-234] Refreshing IP repositories
INFO: [IP_Flow 19-1704] No user IP repositories specified
INFO: [IP_Flow 19-2313] Loaded Vivado IP repository 'C:/xilinx/Vivado/2018.1/data/ip'.
update_compile_order -fileset sources_1
exit
INFO: [Common 17-206] Exiting Vivado at Sun May  5 01:03:23 2024...
